\BOOKMARK [0][-]{chapter*.1}{Agradecimientos}{}% 1
\BOOKMARK [0][-]{chapter*.2}{Resumen}{}% 2
\BOOKMARK [0][-]{chapter*.3}{Abstract}{}% 3
\BOOKMARK [0][-]{chapter*.3}{Contenido}{}% 4
\BOOKMARK [0][-]{chapter*.4}{Lista de figuras}{}% 5
\BOOKMARK [0][-]{chapter*.5}{Lista de tablas}{}% 6
\BOOKMARK [0][-]{chapter.1}{Introducci\363n}{}% 7
\BOOKMARK [0][-]{chapter.2}{Marco te\363rico}{}% 8
\BOOKMARK [1][-]{section.2.1}{El medio poroso}{chapter.2}% 9
\BOOKMARK [1][-]{section.2.2}{Transporte de fluidos en medios porosos}{chapter.2}% 10
\BOOKMARK [2][-]{subsection.2.2.1}{Mojabilidad}{section.2.2}% 11
\BOOKMARK [2][-]{subsection.2.2.2}{Presi\363n Capilar}{section.2.2}% 12
\BOOKMARK [2][-]{subsection.2.2.3}{Permeabilidad Relativa}{section.2.2}% 13
\BOOKMARK [1][-]{section.2.3}{Simulaci\363n de Yacimientos de Petr\363leo}{chapter.2}% 14
\BOOKMARK [2][-]{subsection.2.3.1}{Modelo Black Oil Extendido}{section.2.3}% 15
\BOOKMARK [2][-]{subsection.2.3.2}{Condiciones iniciales}{section.2.3}% 16
\BOOKMARK [2][-]{subsection.2.3.3}{Discretizaci\363n}{section.2.3}% 17
\BOOKMARK [2][-]{subsection.2.3.4}{Modelado de Pozos}{section.2.3}% 18
\BOOKMARK [2][-]{subsection.2.3.5}{M\351todo de Newton-Raphson}{section.2.3}% 19
\BOOKMARK [1][-]{section.2.4}{Procesos de Recobro Mejorado}{chapter.2}% 20
\BOOKMARK [2][-]{subsection.2.4.1}{Modelado del Qu\355mico}{section.2.4}% 21
\BOOKMARK [1][-]{section.2.5}{Esquemas Preconceptuales}{chapter.2}% 22
\BOOKMARK [2][-]{subsection.2.5.1}{Elementos del Esquema Preconceptual}{section.2.5}% 23
\BOOKMARK [2][-]{subsection.2.5.2}{Esquemas Preconceptuales en el contexto del software cient\355fico}{section.2.5}% 24
\BOOKMARK [1][-]{section.2.6}{Modelo Ejecutable}{chapter.2}% 25
\BOOKMARK [0][-]{chapter.3}{Planteamiento del Problema}{}% 26
\BOOKMARK [1][-]{section.3.1}{Antecedentes}{chapter.3}% 27
\BOOKMARK [1][-]{section.3.2}{Problema}{chapter.3}% 28
\BOOKMARK [1][-]{section.3.3}{Objetivos}{chapter.3}% 29
\BOOKMARK [2][-]{subsection.3.3.1}{Objetivo general}{section.3.3}% 30
\BOOKMARK [2][-]{subsection.3.3.2}{Objetivos espec\355ficos}{section.3.3}% 31
\BOOKMARK [0][-]{chapter.4}{Propuesta de soluci\363n}{}% 32
\BOOKMARK [1][-]{section.4.1}{Subrutinas que define el analista}{chapter.4}% 33
\BOOKMARK [1][-]{section.4.2}{Operadores sobre arreglos}{chapter.4}% 34
\BOOKMARK [1][-]{section.4.3}{Conceptualizaci\363n}{chapter.4}% 35
\BOOKMARK [2][-]{subsection.4.3.1}{Malla}{section.4.3}% 36
\BOOKMARK [2][-]{subsection.4.3.2}{Malla aparece}{section.4.3}% 37
\BOOKMARK [2][-]{subsection.4.3.3}{Roca}{section.4.3}% 38
\BOOKMARK [2][-]{subsection.4.3.4}{Fluido}{section.4.3}% 39
\BOOKMARK [2][-]{subsection.4.3.5}{Interacci\363n entre fluidos}{section.4.3}% 40
\BOOKMARK [2][-]{subsection.4.3.6}{Relaci\363n de Equilibrio}{section.4.3}% 41
\BOOKMARK [2][-]{subsection.4.3.7}{Pozo}{section.4.3}% 42
\BOOKMARK [2][-]{subsection.4.3.8}{Ecuaci\363n}{section.4.3}% 43
\BOOKMARK [1][-]{section.4.4}{Representaci\363n en EP de la simulaci\363n de procesos EOR}{chapter.4}% 44
\BOOKMARK [2][-]{subsection.4.4.1}{Tiempo pasa}{section.4.4}% 45
\BOOKMARK [2][-]{subsection.4.4.2}{Presi\363n del Fluido var\355a}{section.4.4}% 46
\BOOKMARK [0][-]{chapter.5}{Validaci\363n y Resultados}{}% 47
\BOOKMARK [1][-]{section.5.1}{Traducci\363n a C++ y consistencia}{chapter.5}% 48
\BOOKMARK [1][-]{section.5.2}{Simulaci\363n y resultados}{chapter.5}% 49
\BOOKMARK [0][-]{chapter.6}{Conclusiones y trabajo futuro}{}% 50
\BOOKMARK [1][-]{section.6.1}{Conclusiones}{chapter.6}% 51
\BOOKMARK [1][-]{section.6.2}{Trabajo futuro}{chapter.6}% 52
\BOOKMARK [0][-]{appendix.Alph1}{Anexo: Discretizaci\363n de las Ecuaciones del BOM}{}% 53
\BOOKMARK [0][-]{appendix.Alph2}{Anexo: Traducciones a c\363digo de la representaci\363n}{}% 54
\BOOKMARK [0][-]{appendix.Alph3}{Anexo: Nombrar el anexo C de acuerdo con su contenido}{}% 55
\BOOKMARK [0][-]{appendix.Alph4}{Sizas Tikz}{}% 56
\BOOKMARK [0][-]{figure.Alph4.3}{Bibliograf\355a}{}% 57
